[2026-03-18 21:55:05] [STEP] 步骤 [1/12] 检查管理员权限...
[2026-03-18 21:55:05] [OK] [OK] 管理员权限确认
[2026-03-18 21:55:05] [STEP] 步骤 [2/12] 创建系统还原点...
[2026-03-18 21:55:05] [OK] [OK] 系统还原点已创建
[2026-03-18 21:55:05] [STEP] 步骤 [3/12] TCP/IP 栈深度优化...
[2026-03-18 21:55:05] [OK] [OK] TCP 窗口自动调优已启用 (normal)
[2026-03-18 21:55:05] [OK] [OK] 接收端扩展 (RSS) 已启用
[2026-03-18 21:55:05] [OK] [OK] TCP 烟囱卸载已启用
[2026-03-18 21:55:05] [OK] [OK] 直接缓存访问 (DCA) 已启用
[2026-03-18 21:55:05] [OK] [OK] NetDMA 已启用
[2026-03-18 21:55:05] [OK] [OK] ECN 能力已启用
[2026-03-18 21:55:05] [INFO] TCP 设置：6 成功，0 失败
[2026-03-18 21:55:05] [STEP] 步骤 [4/12] 网络适配器高级优化...
[2026-03-18 21:55:07] [INFO]   优化适配器：WLAN (Intel(R) Wi-Fi 7 BE200 320MHz)
[2026-03-18 21:55:07] [OK]   [OK] WLAN 优化完成
[2026-03-18 21:55:07] [INFO] 适配器优化：1 成功，0 跳过
[2026-03-18 21:55:07] [STEP] 步骤 [5/12] 禁用网络节流...
[2026-03-18 21:55:07] [OK] [OK] 网络节流已禁用
[2026-03-18 21:55:07] [OK] [OK] 游戏网络优先级已设置
[2026-03-18 21:55:07] [STEP] 步骤 [6/12] DNS 优化...
[2026-03-18 21:55:07] [OK] [OK] DNS 缓存已刷新
[2026-03-18 21:55:10] [OK] [OK] DNS 已重新注册
[2026-03-18 21:55:12] [OK] [OK] IP 地址已更新
[2026-03-18 21:55:12] [STEP] 步骤 [7/12] 配置 Large Send Offload...
[2026-03-18 21:55:12] [OK] [OK] WLAN LSO 已禁用
[2026-03-18 21:55:12] [OK] [OK] vEthernet (WSL (Hyper-V firewall)) LSO 已禁用
[2026-03-18 21:55:12] [INFO] LSO 配置：2 修改，0 跳过
[2026-03-18 21:55:12] [STEP] 步骤 [8/12] 网络电源管理优化...
[2026-03-18 21:55:13] [OK] [OK] WLAN 电源管理已优化
[2026-03-18 21:55:13] [OK] [OK] vEthernet (WSL (Hyper-V firewall)) 电源管理已优化
[2026-03-18 21:55:13] [INFO] 电源设置：2 修改
[2026-03-18 21:55:13] [STEP] 步骤 [9/12] 配置 QoS 策略...
[2026-03-18 21:55:13] [OK] [OK] QoS 限制已禁用
[2026-03-18 21:55:13] [STEP] 步骤 [10/12] Windows 网络配置...
[2026-03-18 21:55:13] [OK] [OK] TCP 时间戳已禁用
[2026-03-18 21:55:13] [INFO] [INFO] MTU 保持自动 (根据网络环境)
[2026-03-18 21:55:13] [STEP] 步骤 [11/12] 禁用远程差分压缩...
[2026-03-18 21:55:13] [STEP] 步骤 [12/12] 生成优化报告...
[2026-03-18 21:55:13] [OK] 网速优化完成
[2026-03-18 21:55:13] [INFO] 日志文件：logs\NetSpeedOptimize_20260318_215505.log
